<?xml version="1.0" encoding="UTF-8"?>
<testng-results ignored="0" total="1" passed="1" failed="0" skipped="0">
  <reporter-output>
  </reporter-output>
  <suite started-at="2022-10-18T12:45:01 IST" name="Suite" finished-at="2022-10-18T12:45:09 IST" duration-ms="8589">
    <groups>
    </groups>
    <test started-at="2022-10-18T12:45:01 IST" name="Test" finished-at="2022-10-18T12:45:09 IST" duration-ms="8589">
      <class name="demo.sample">
        <test-method signature="startBrowser(java.lang.String)[pri:0, instance:demo.sample@6a400542]" started-at="2022-10-18T12:45:01 IST" name="startBrowser" finished-at="2022-10-18T12:45:09 IST" duration-ms="8533" status="PASS">
          <params>
            <param index="0">
              <value>
                <![CDATA[Edge]]>
              </value>
            </param>
          </params>
          <reporter-output>
          </reporter-output>
        </test-method> <!-- startBrowser -->
      </class> <!-- demo.sample -->
    </test> <!-- Test -->
  </suite> <!-- Suite -->
</testng-results>
