<?xml version="1.0" encoding="UTF-8"?>
<testng-results ignored="0" total="1" passed="1" failed="0" skipped="0">
  <reporter-output>
  </reporter-output>
  <suite started-at="2022-10-18T11:06:20 IST" name="Suite" finished-at="2022-10-18T11:06:33 IST" duration-ms="12347">
    <groups>
    </groups>
    <test started-at="2022-10-18T11:06:20 IST" name="Test" finished-at="2022-10-18T11:06:33 IST" duration-ms="12347">
      <class name="demo.sample">
        <test-method signature="startBrowser()[pri:0, instance:demo.sample@13e39c73]" started-at="2022-10-18T11:06:21 IST" name="startBrowser" finished-at="2022-10-18T11:06:33 IST" duration-ms="12236" status="PASS">
          <reporter-output>
          </reporter-output>
        </test-method> <!-- startBrowser -->
      </class> <!-- demo.sample -->
    </test> <!-- Test -->
  </suite> <!-- Suite -->
</testng-results>
