<?xml version="1.0" encoding="UTF-8"?>
<testng-results ignored="0" total="1" passed="1" failed="0" skipped="0">
  <reporter-output>
  </reporter-output>
  <suite started-at="2022-10-13T11:48:24 IST" name="Suite" finished-at="2022-10-13T11:48:35 IST" duration-ms="10840">
    <groups>
    </groups>
    <test started-at="2022-10-13T11:48:24 IST" name="Test" finished-at="2022-10-13T11:48:35 IST" duration-ms="10840">
      <class name="demo.sample">
        <test-method signature="startBrowser()[pri:0, instance:demo.sample@79924b]" started-at="2022-10-13T11:48:24 IST" name="startBrowser" finished-at="2022-10-13T11:48:35 IST" duration-ms="10775" status="PASS">
          <reporter-output>
          </reporter-output>
        </test-method> <!-- startBrowser -->
      </class> <!-- demo.sample -->
    </test> <!-- Test -->
  </suite> <!-- Suite -->
</testng-results>
